{"C:\\Users\\hamza\\Music\\FootExplorerBackend\\src\\models\\League.ts": {"path":"C:\\Users\\hamza\\Music\\FootExplorerBackend\\src\\models\\League.ts","statementMap":{"0":{"start":{"line":1,"column":0},"end":{"line":1,"column":54}},"1":{"start":{"line":11,"column":29},"end":{"line":17,"column":2}},"2":{"start":{"line":19,"column":0},"end":{"line":19,"column":63}}},"fnMap":{},"branchMap":{},"s":{"0":4,"1":4,"2":4},"f":{},"b":{}}
,"C:\\Users\\hamza\\Music\\FootExplorerBackend\\src\\models\\Player.ts": {"path":"C:\\Users\\hamza\\Music\\FootExplorerBackend\\src\\models\\Player.ts","statementMap":{"0":{"start":{"line":1,"column":0},"end":{"line":1,"column":54}},"1":{"start":{"line":18,"column":29},"end":{"line":31,"column":2}},"2":{"start":{"line":33,"column":0},"end":{"line":33,"column":63}}},"fnMap":{},"branchMap":{},"s":{"0":2,"1":2,"2":2},"f":{},"b":{}}
,"C:\\Users\\hamza\\Music\\FootExplorerBackend\\src\\models\\PlayerStats.ts": {"path":"C:\\Users\\hamza\\Music\\FootExplorerBackend\\src\\models\\PlayerStats.ts","statementMap":{"0":{"start":{"line":1,"column":0},"end":{"line":1,"column":54}},"1":{"start":{"line":13,"column":34},"end":{"line":21,"column":2}},"2":{"start":{"line":23,"column":0},"end":{"line":23,"column":77}},"3":{"start":{"line":25,"column":0},"end":{"line":25,"column":78}}},"fnMap":{},"branchMap":{},"s":{"0":1,"1":1,"2":1,"3":1},"f":{},"b":{}}
,"C:\\Users\\hamza\\Music\\FootExplorerBackend\\src\\models\\Team.ts": {"path":"C:\\Users\\hamza\\Music\\FootExplorerBackend\\src\\models\\Team.ts","statementMap":{"0":{"start":{"line":1,"column":0},"end":{"line":1,"column":54}},"1":{"start":{"line":14,"column":27},"end":{"line":23,"column":2}},"2":{"start":{"line":25,"column":0},"end":{"line":25,"column":57}}},"fnMap":{},"branchMap":{},"s":{"0":4,"1":4,"2":4},"f":{},"b":{}}
,"C:\\Users\\hamza\\Music\\FootExplorerBackend\\src\\models\\TeamStats.ts": {"path":"C:\\Users\\hamza\\Music\\FootExplorerBackend\\src\\models\\TeamStats.ts","statementMap":{"0":{"start":{"line":1,"column":0},"end":{"line":1,"column":54}},"1":{"start":{"line":12,"column":32},"end":{"line":19,"column":2}},"2":{"start":{"line":22,"column":0},"end":{"line":22,"column":75}},"3":{"start":{"line":24,"column":0},"end":{"line":24,"column":72}}},"fnMap":{},"branchMap":{},"s":{"0":2,"1":2,"2":2,"3":2},"f":{},"b":{}}
,"C:\\Users\\hamza\\Music\\FootExplorerBackend\\src\\models\\User.ts": {"path":"C:\\Users\\hamza\\Music\\FootExplorerBackend\\src\\models\\User.ts","statementMap":{"0":{"start":{"line":1,"column":0},"end":{"line":1,"column":51}},"1":{"start":{"line":2,"column":0},"end":{"line":2,"column":30}},"2":{"start":{"line":15,"column":19},"end":{"line":27,"column":null}},"3":{"start":{"line":30,"column":0},"end":{"line":40,"column":3}},"4":{"start":{"line":31,"column":12},"end":{"line":31,"column":25}},"5":{"start":{"line":32,"column":2},"end":{"line":32,"column":40}},"6":{"start":{"line":32,"column":33},"end":{"line":32,"column":40}},"7":{"start":{"line":34,"column":2},"end":{"line":39,"column":3}},"8":{"start":{"line":35,"column":19},"end":{"line":35,"column":43}},"9":{"start":{"line":36,"column":6},"end":{"line":36,"column":55}},"10":{"start":{"line":38,"column":6},"end":{"line":38,"column":65}},"11":{"start":{"line":42,"column":0},"end":{"line":44,"column":2}},"12":{"start":{"line":43,"column":2},"end":{"line":43,"column":53}},"13":{"start":{"line":46,"column":13},"end":{"line":46,"column":58}}},"fnMap":{"0":{"name":"(anonymous_1)","decl":{"start":{"line":30,"column":23},"end":{"line":30,"column":28}},"loc":{"start":{"line":30,"column":28},"end":{"line":40,"column":1}}},"1":{"name":"(anonymous_2)","decl":{"start":{"line":42,"column":37},"end":{"line":42,"column":46}},"loc":{"start":{"line":42,"column":55},"end":{"line":44,"column":1}}}},"branchMap":{"0":{"loc":{"start":{"line":32,"column":2},"end":{"line":32,"column":40}},"type":"if","locations":[{"start":{"line":32,"column":2},"end":{"line":32,"column":40}},{"start":{},"end":{}}]}},"s":{"0":2,"1":2,"2":2,"3":2,"4":18,"5":18,"6":3,"7":15,"8":15,"9":15,"10":0,"11":2,"12":3,"13":2},"f":{"0":18,"1":3},"b":{"0":[3,15]}}
,"C:\\Users\\hamza\\Music\\FootExplorerBackend\\src\\services\\auth.service.ts": {"path":"C:\\Users\\hamza\\Music\\FootExplorerBackend\\src\\services\\auth.service.ts","statementMap":{"0":{"start":{"line":13,"column":0},"end":{"line":13,"column":7}},"1":{"start":{"line":39,"column":0},"end":{"line":39,"column":7}},"2":{"start":{"line":63,"column":0},"end":{"line":63,"column":16}},"3":{"start":{"line":1,"column":0},"end":{"line":1,"column":36}},"4":{"start":{"line":2,"column":0},"end":{"line":2,"column":28}},"5":{"start":{"line":3,"column":0},"end":{"line":3,"column":50}},"6":{"start":{"line":8,"column":13},"end":{"line":8,"column":22}},"7":{"start":{"line":10,"column":15},"end":{"line":10,"column":70}},"8":{"start":{"line":11,"column":18},"end":{"line":11,"column":62}},"9":{"start":{"line":14,"column":19},"end":{"line":16,"column":13}},"10":{"start":{"line":17,"column":4},"end":{"line":17,"column":51}},"11":{"start":{"line":17,"column":16},"end":{"line":17,"column":51}},"12":{"start":{"line":19,"column":17},"end":{"line":25,"column":6}},"13":{"start":{"line":27,"column":25},"end":{"line":27,"column":36}},"14":{"start":{"line":29,"column":18},"end":{"line":32,"column":null}},"15":{"start":{"line":35,"column":34},"end":{"line":35,"column":57}},"16":{"start":{"line":36,"column":4},"end":{"line":36,"column":51}},"17":{"start":{"line":41,"column":17},"end":{"line":43,"column":28}},"18":{"start":{"line":45,"column":4},"end":{"line":45,"column":49}},"19":{"start":{"line":45,"column":15},"end":{"line":45,"column":49}},"20":{"start":{"line":47,"column":15},"end":{"line":47,"column":65}},"21":{"start":{"line":48,"column":4},"end":{"line":48,"column":47}},"22":{"start":{"line":48,"column":13},"end":{"line":48,"column":47}},"23":{"start":{"line":50,"column":25},"end":{"line":50,"column":36}},"24":{"start":{"line":52,"column":18},"end":{"line":55,"column":null}},"25":{"start":{"line":58,"column":34},"end":{"line":58,"column":57}},"26":{"start":{"line":59,"column":4},"end":{"line":59,"column":51}},"27":{"start":{"line":64,"column":4},"end":{"line":64,"column":60}}},"fnMap":{"0":{"name":"registerUser","decl":{"start":{"line":13,"column":22},"end":{"line":13,"column":34}},"loc":{"start":{"line":13,"column":108},"end":{"line":37,"column":1}}},"1":{"name":"loginUser","decl":{"start":{"line":39,"column":22},"end":{"line":39,"column":31}},"loc":{"start":{"line":39,"column":93},"end":{"line":60,"column":1}}},"2":{"name":"getMe","decl":{"start":{"line":63,"column":16},"end":{"line":63,"column":21}},"loc":{"start":{"line":63,"column":36},"end":{"line":65,"column":1}}}},"branchMap":{"0":{"loc":{"start":{"line":17,"column":4},"end":{"line":17,"column":51}},"type":"if","locations":[{"start":{"line":17,"column":4},"end":{"line":17,"column":51}},{"start":{},"end":{}}]},"1":{"loc":{"start":{"line":42,"column":17},"end":{"line":42,"column":81}},"type":"cond-expr","locations":[{"start":{"line":42,"column":30},"end":{"line":42,"column":51}},{"start":{"line":42,"column":54},"end":{"line":42,"column":81}}]},"2":{"loc":{"start":{"line":45,"column":4},"end":{"line":45,"column":49}},"type":"if","locations":[{"start":{"line":45,"column":4},"end":{"line":45,"column":49}},{"start":{},"end":{}}]},"3":{"loc":{"start":{"line":48,"column":4},"end":{"line":48,"column":47}},"type":"if","locations":[{"start":{"line":48,"column":4},"end":{"line":48,"column":47}},{"start":{},"end":{}}]}},"s":{"0":1,"1":1,"2":1,"3":1,"4":1,"5":1,"6":1,"7":1,"8":1,"9":7,"10":7,"11":2,"12":5,"13":5,"14":5,"15":5,"16":5,"17":4,"18":4,"19":1,"20":3,"21":3,"22":1,"23":2,"24":2,"25":2,"26":2,"27":2},"f":{"0":7,"1":4,"2":2},"b":{"0":[2,5],"1":[3,1],"2":[1,3],"3":[1,2]}}
,"C:\\Users\\hamza\\Music\\FootExplorerBackend\\src\\services\\leagues.service.ts": {"path":"C:\\Users\\hamza\\Music\\FootExplorerBackend\\src\\services\\leagues.service.ts","statementMap":{"0":{"start":{"line":10,"column":0},"end":{"line":10,"column":7}},"1":{"start":{"line":36,"column":0},"end":{"line":36,"column":7}},"2":{"start":{"line":1,"column":0},"end":{"line":1,"column":43}},"3":{"start":{"line":2,"column":0},"end":{"line":2,"column":49}},"4":{"start":{"line":11,"column":17},"end":{"line":11,"column":63}},"5":{"start":{"line":13,"column":2},"end":{"line":15,"column":3}},"6":{"start":{"line":14,"column":4},"end":{"line":14,"column":14}},"7":{"start":{"line":17,"column":20},"end":{"line":23,"column":11}},"8":{"start":{"line":25,"column":2},"end":{"line":33,"column":6}},"9":{"start":{"line":25,"column":54},"end":{"line":33,"column":4}},"10":{"start":{"line":37,"column":17},"end":{"line":37,"column":77}},"11":{"start":{"line":38,"column":2},"end":{"line":38,"column":16}}},"fnMap":{"0":{"name":"getLeagueStandingsService","decl":{"start":{"line":10,"column":22},"end":{"line":10,"column":47}},"loc":{"start":{"line":10,"column":89},"end":{"line":34,"column":1}}},"1":{"name":"(anonymous_2)","decl":{"start":{"line":25,"column":23},"end":{"line":25,"column":24}},"loc":{"start":{"line":25,"column":54},"end":{"line":33,"column":4}}},"2":{"name":"getLeagueOverviewService","decl":{"start":{"line":36,"column":22},"end":{"line":36,"column":46}},"loc":{"start":{"line":36,"column":91},"end":{"line":39,"column":1}}}},"branchMap":{"0":{"loc":{"start":{"line":13,"column":2},"end":{"line":15,"column":3}},"type":"if","locations":[{"start":{"line":13,"column":2},"end":{"line":15,"column":3}},{"start":{},"end":{}}]}},"s":{"0":1,"1":1,"2":1,"3":1,"4":3,"5":3,"6":1,"7":2,"8":2,"9":2,"10":2,"11":2},"f":{"0":3,"1":2,"2":2},"b":{"0":[1,2]}}
,"C:\\Users\\hamza\\Music\\FootExplorerBackend\\src\\services\\players.service.ts": {"path":"C:\\Users\\hamza\\Music\\FootExplorerBackend\\src\\services\\players.service.ts","statementMap":{"0":{"start":{"line":5,"column":0},"end":{"line":5,"column":7}},"1":{"start":{"line":58,"column":0},"end":{"line":58,"column":7}},"2":{"start":{"line":72,"column":0},"end":{"line":72,"column":7}},"3":{"start":{"line":1,"column":0},"end":{"line":1,"column":43}},"4":{"start":{"line":2,"column":0},"end":{"line":2,"column":53}},"5":{"start":{"line":3,"column":0},"end":{"line":3,"column":43}},"6":{"start":{"line":10,"column":31},"end":{"line":10,"column":37}},"7":{"start":{"line":12,"column":17},"end":{"line":12,"column":63}},"8":{"start":{"line":14,"column":2},"end":{"line":16,"column":3}},"9":{"start":{"line":15,"column":4},"end":{"line":15,"column":14}},"10":{"start":{"line":18,"column":19},"end":{"line":26,"column":11}},"11":{"start":{"line":28,"column":2},"end":{"line":55,"column":29}},"12":{"start":{"line":29,"column":4},"end":{"line":29,"column":35}},"13":{"start":{"line":29,"column":23},"end":{"line":29,"column":35}},"14":{"start":{"line":31,"column":4},"end":{"line":54,"column":6}},"15":{"start":{"line":55,"column":17},"end":{"line":55,"column":27}},"16":{"start":{"line":59,"column":21},"end":{"line":59,"column":40}},"17":{"start":{"line":60,"column":18},"end":{"line":64,"column":11}},"18":{"start":{"line":66,"column":2},"end":{"line":69,"column":6}},"19":{"start":{"line":66,"column":34},"end":{"line":69,"column":4}},"20":{"start":{"line":77,"column":17},"end":{"line":77,"column":77}},"21":{"start":{"line":79,"column":2},"end":{"line":79,"column":27}},"22":{"start":{"line":79,"column":15},"end":{"line":79,"column":27}},"23":{"start":{"line":81,"column":16},"end":{"line":87,"column":11}},"24":{"start":{"line":89,"column":2},"end":{"line":93,"column":4}}},"fnMap":{"0":{"name":"getTopPlayers","decl":{"start":{"line":5,"column":22},"end":{"line":5,"column":35}},"loc":{"start":{"line":9,"column":1},"end":{"line":56,"column":1}}},"1":{"name":"(anonymous_2)","decl":{"start":{"line":28,"column":22},"end":{"line":28,"column":23}},"loc":{"start":{"line":28,"column":37},"end":{"line":55,"column":3}}},"2":{"name":"(anonymous_3)","decl":{"start":{"line":55,"column":12},"end":{"line":55,"column":13}},"loc":{"start":{"line":55,"column":17},"end":{"line":55,"column":27}}},"3":{"name":"searchPlayers","decl":{"start":{"line":58,"column":22},"end":{"line":58,"column":35}},"loc":{"start":{"line":58,"column":49},"end":{"line":70,"column":1}}},"4":{"name":"(anonymous_5)","decl":{"start":{"line":66,"column":21},"end":{"line":66,"column":22}},"loc":{"start":{"line":66,"column":34},"end":{"line":69,"column":4}}},"5":{"name":"getPlayerStats","decl":{"start":{"line":72,"column":22},"end":{"line":72,"column":36}},"loc":{"start":{"line":76,"column":1},"end":{"line":94,"column":1}}}},"branchMap":{"0":{"loc":{"start":{"line":14,"column":2},"end":{"line":16,"column":3}},"type":"if","locations":[{"start":{"line":14,"column":2},"end":{"line":16,"column":3}},{"start":{},"end":{}}]},"1":{"loc":{"start":{"line":29,"column":4},"end":{"line":29,"column":35}},"type":"if","locations":[{"start":{"line":29,"column":4},"end":{"line":29,"column":35}},{"start":{},"end":{}}]},"2":{"loc":{"start":{"line":47,"column":20},"end":{"line":47,"column":41}},"type":"binary-expr","locations":[{"start":{"line":47,"column":20},"end":{"line":47,"column":32}},{"start":{"line":47,"column":36},"end":{"line":47,"column":41}}]},"3":{"loc":{"start":{"line":50,"column":19},"end":{"line":50,"column":35}},"type":"binary-expr","locations":[{"start":{"line":50,"column":19},"end":{"line":50,"column":30}},{"start":{"line":50,"column":34},"end":{"line":50,"column":35}}]},"4":{"loc":{"start":{"line":79,"column":2},"end":{"line":79,"column":27}},"type":"if","locations":[{"start":{"line":79,"column":2},"end":{"line":79,"column":27}},{"start":{},"end":{}}]}},"s":{"0":1,"1":1,"2":1,"3":1,"4":1,"5":1,"6":3,"7":3,"8":3,"9":1,"10":2,"11":2,"12":2,"13":0,"14":2,"15":2,"16":3,"17":3,"18":3,"19":2,"20":2,"21":2,"22":1,"23":1,"24":1},"f":{"0":3,"1":2,"2":2,"3":3,"4":2,"5":2},"b":{"0":[1,2],"1":[0,2],"2":[2,0],"3":[2,0],"4":[1,1]}}
,"C:\\Users\\hamza\\Music\\FootExplorerBackend\\src\\services\\teams.service.ts": {"path":"C:\\Users\\hamza\\Music\\FootExplorerBackend\\src\\services\\teams.service.ts","statementMap":{"0":{"start":{"line":4,"column":0},"end":{"line":4,"column":7}},"1":{"start":{"line":16,"column":0},"end":{"line":16,"column":7}},"2":{"start":{"line":1,"column":0},"end":{"line":1,"column":39}},"3":{"start":{"line":2,"column":0},"end":{"line":2,"column":49}},"4":{"start":{"line":9,"column":21},"end":{"line":9,"column":27}},"5":{"start":{"line":11,"column":15},"end":{"line":11,"column":64}},"6":{"start":{"line":13,"column":2},"end":{"line":13,"column":14}},"7":{"start":{"line":20,"column":31},"end":{"line":20,"column":37}},"8":{"start":{"line":22,"column":15},"end":{"line":22,"column":65}},"9":{"start":{"line":24,"column":2},"end":{"line":26,"column":3}},"10":{"start":{"line":25,"column":4},"end":{"line":25,"column":56}},"11":{"start":{"line":28,"column":20},"end":{"line":34,"column":11}},"12":{"start":{"line":36,"column":2},"end":{"line":38,"column":3}},"13":{"start":{"line":37,"column":4},"end":{"line":37,"column":79}},"14":{"start":{"line":40,"column":2},"end":{"line":47,"column":4}}},"fnMap":{"0":{"name":"getTeamOverview","decl":{"start":{"line":4,"column":22},"end":{"line":4,"column":37}},"loc":{"start":{"line":8,"column":1},"end":{"line":14,"column":1}}},"1":{"name":"getTeamStats","decl":{"start":{"line":16,"column":22},"end":{"line":16,"column":34}},"loc":{"start":{"line":19,"column":1},"end":{"line":48,"column":1}}}},"branchMap":{"0":{"loc":{"start":{"line":24,"column":2},"end":{"line":26,"column":3}},"type":"if","locations":[{"start":{"line":24,"column":2},"end":{"line":26,"column":3}},{"start":{},"end":{}}]},"1":{"loc":{"start":{"line":36,"column":2},"end":{"line":38,"column":3}},"type":"if","locations":[{"start":{"line":36,"column":2},"end":{"line":38,"column":3}},{"start":{},"end":{}}]}},"s":{"0":1,"1":1,"2":1,"3":1,"4":2,"5":2,"6":2,"7":3,"8":3,"9":3,"10":1,"11":2,"12":2,"13":1,"14":1},"f":{"0":2,"1":3},"b":{"0":[1,2],"1":[1,1]}}
,"C:\\Users\\hamza\\Music\\FootExplorerBackend\\src\\services\\users.service.ts": {"path":"C:\\Users\\hamza\\Music\\FootExplorerBackend\\src\\services\\users.service.ts","statementMap":{"0":{"start":{"line":6,"column":0},"end":{"line":6,"column":7}},"1":{"start":{"line":12,"column":0},"end":{"line":12,"column":7}},"2":{"start":{"line":32,"column":0},"end":{"line":32,"column":7}},"3":{"start":{"line":38,"column":0},"end":{"line":38,"column":7}},"4":{"start":{"line":70,"column":0},"end":{"line":70,"column":7}},"5":{"start":{"line":1,"column":0},"end":{"line":1,"column":50}},"6":{"start":{"line":2,"column":0},"end":{"line":2,"column":43}},"7":{"start":{"line":3,"column":0},"end":{"line":3,"column":39}},"8":{"start":{"line":4,"column":0},"end":{"line":4,"column":43}},"9":{"start":{"line":9,"column":2},"end":{"line":9,"column":63}},"10":{"start":{"line":18,"column":15},"end":{"line":23,"column":11}},"11":{"start":{"line":25,"column":2},"end":{"line":27,"column":3}},"12":{"start":{"line":26,"column":4},"end":{"line":26,"column":73}},"13":{"start":{"line":29,"column":2},"end":{"line":29,"column":42}},"14":{"start":{"line":35,"column":2},"end":{"line":35,"column":63}},"15":{"start":{"line":44,"column":92},"end":{"line":48,"column":4}},"16":{"start":{"line":50,"column":16},"end":{"line":50,"column":30}},"17":{"start":{"line":51,"column":2},"end":{"line":52,"column":79}},"18":{"start":{"line":52,"column":4},"end":{"line":52,"column":79}},"19":{"start":{"line":54,"column":15},"end":{"line":54,"column":47}},"20":{"start":{"line":55,"column":2},"end":{"line":55,"column":55}},"21":{"start":{"line":55,"column":13},"end":{"line":55,"column":55}},"22":{"start":{"line":57,"column":2},"end":{"line":63,"column":3}},"23":{"start":{"line":58,"column":4},"end":{"line":60,"column":5}},"24":{"start":{"line":59,"column":6},"end":{"line":59,"column":30}},"25":{"start":{"line":62,"column":4},"end":{"line":62,"column":67}},"26":{"start":{"line":62,"column":53},"end":{"line":62,"column":65}},"27":{"start":{"line":65,"column":2},"end":{"line":65,"column":20}},"28":{"start":{"line":67,"column":2},"end":{"line":67,"column":69}},"29":{"start":{"line":71,"column":15},"end":{"line":71,"column":47}},"30":{"start":{"line":72,"column":2},"end":{"line":72,"column":25}},"31":{"start":{"line":72,"column":13},"end":{"line":72,"column":25}},"32":{"start":{"line":74,"column":21},"end":{"line":74,"column":45}},"33":{"start":{"line":75,"column":19},"end":{"line":75,"column":41}},"34":{"start":{"line":76,"column":21},"end":{"line":76,"column":45}},"35":{"start":{"line":78,"column":18},"end":{"line":78,"column":80}},"36":{"start":{"line":78,"column":41},"end":{"line":78,"column":79}},"37":{"start":{"line":79,"column":16},"end":{"line":79,"column":74}},"38":{"start":{"line":79,"column":37},"end":{"line":79,"column":73}},"39":{"start":{"line":80,"column":18},"end":{"line":80,"column":80}},"40":{"start":{"line":80,"column":41},"end":{"line":80,"column":79}},"41":{"start":{"line":82,"column":2},"end":{"line":86,"column":4}}},"fnMap":{"0":{"name":"getMeService","decl":{"start":{"line":6,"column":22},"end":{"line":6,"column":34}},"loc":{"start":{"line":7,"column":16},"end":{"line":10,"column":1}}},"1":{"name":"patchMeService","decl":{"start":{"line":12,"column":22},"end":{"line":12,"column":36}},"loc":{"start":{"line":14,"column":11},"end":{"line":30,"column":1}}},"2":{"name":"getByIdAdminService","decl":{"start":{"line":32,"column":22},"end":{"line":32,"column":41}},"loc":{"start":{"line":33,"column":16},"end":{"line":36,"column":1}}},"3":{"name":"manageFavoriteService","decl":{"start":{"line":38,"column":22},"end":{"line":38,"column":43}},"loc":{"start":{"line":42,"column":26},"end":{"line":68,"column":1}}},"4":{"name":"(anonymous_5)","decl":{"start":{"line":62,"column":37},"end":{"line":62,"column":38}},"loc":{"start":{"line":62,"column":53},"end":{"line":62,"column":65}}},"5":{"name":"getMyFavoritesService","decl":{"start":{"line":70,"column":22},"end":{"line":70,"column":43}},"loc":{"start":{"line":70,"column":58},"end":{"line":87,"column":1}}},"6":{"name":"(anonymous_7)","decl":{"start":{"line":78,"column":36},"end":{"line":78,"column":37}},"loc":{"start":{"line":78,"column":41},"end":{"line":78,"column":79}}},"7":{"name":"(anonymous_8)","decl":{"start":{"line":79,"column":32},"end":{"line":79,"column":33}},"loc":{"start":{"line":79,"column":37},"end":{"line":79,"column":73}}},"8":{"name":"(anonymous_9)","decl":{"start":{"line":80,"column":36},"end":{"line":80,"column":37}},"loc":{"start":{"line":80,"column":41},"end":{"line":80,"column":79}}}},"branchMap":{"0":{"loc":{"start":{"line":25,"column":2},"end":{"line":27,"column":3}},"type":"if","locations":[{"start":{"line":25,"column":2},"end":{"line":27,"column":3}},{"start":{},"end":{}}]},"1":{"loc":{"start":{"line":51,"column":2},"end":{"line":52,"column":79}},"type":"if","locations":[{"start":{"line":51,"column":2},"end":{"line":52,"column":79}},{"start":{},"end":{}}]},"2":{"loc":{"start":{"line":55,"column":2},"end":{"line":55,"column":55}},"type":"if","locations":[{"start":{"line":55,"column":2},"end":{"line":55,"column":55}},{"start":{},"end":{}}]},"3":{"loc":{"start":{"line":57,"column":2},"end":{"line":63,"column":3}},"type":"if","locations":[{"start":{"line":57,"column":2},"end":{"line":63,"column":3}},{"start":{"line":61,"column":9},"end":{"line":63,"column":3}}]},"4":{"loc":{"start":{"line":58,"column":4},"end":{"line":60,"column":5}},"type":"if","locations":[{"start":{"line":58,"column":4},"end":{"line":60,"column":5}},{"start":{},"end":{}}]},"5":{"loc":{"start":{"line":72,"column":2},"end":{"line":72,"column":25}},"type":"if","locations":[{"start":{"line":72,"column":2},"end":{"line":72,"column":25}},{"start":{},"end":{}}]}},"s":{"0":1,"1":1,"2":1,"3":1,"4":1,"5":1,"6":1,"7":1,"8":1,"9":2,"10":2,"11":2,"12":1,"13":1,"14":2,"15":4,"16":4,"17":4,"18":1,"19":3,"20":3,"21":0,"22":3,"23":2,"24":2,"25":1,"26":2,"27":3,"28":3,"29":2,"30":2,"31":1,"32":1,"33":1,"34":1,"35":1,"36":0,"37":1,"38":0,"39":1,"40":0,"41":1},"f":{"0":2,"1":2,"2":2,"3":4,"4":2,"5":2,"6":0,"7":0,"8":0},"b":{"0":[1,1],"1":[1,3],"2":[0,3],"3":[2,1],"4":[2,0],"5":[1,1]}}
}
