TN:
SF:src\models\League.ts
FNF:0
FNH:0
DA:1,4
DA:11,4
DA:19,4
LF:3
LH:3
BRF:0
BRH:0
end_of_record
TN:
SF:src\models\Player.ts
FNF:0
FNH:0
DA:1,2
DA:18,2
DA:33,2
LF:3
LH:3
BRF:0
BRH:0
end_of_record
TN:
SF:src\models\PlayerStats.ts
FNF:0
FNH:0
DA:1,1
DA:13,1
DA:23,1
DA:25,1
LF:4
LH:4
BRF:0
BRH:0
end_of_record
TN:
SF:src\models\Team.ts
FNF:0
FNH:0
DA:1,4
DA:14,4
DA:25,4
LF:3
LH:3
BRF:0
BRH:0
end_of_record
TN:
SF:src\models\TeamStats.ts
FNF:0
FNH:0
DA:1,2
DA:12,2
DA:22,2
DA:24,2
LF:4
LH:4
BRF:0
BRH:0
end_of_record
TN:
SF:src\models\User.ts
FN:30,(anonymous_1)
FN:42,(anonymous_2)
FNF:2
FNH:2
FNDA:18,(anonymous_1)
FNDA:3,(anonymous_2)
DA:1,2
DA:2,2
DA:15,2
DA:30,2
DA:31,18
DA:32,18
DA:34,15
DA:35,15
DA:36,15
DA:38,0
DA:42,2
DA:43,3
DA:46,2
LF:13
LH:12
BRDA:32,0,0,3
BRDA:32,0,1,15
BRF:2
BRH:2
end_of_record
TN:
SF:src\services\auth.service.ts
FN:13,registerUser
FN:39,loginUser
FN:63,getMe
FNF:3
FNH:3
FNDA:7,registerUser
FNDA:4,loginUser
FNDA:2,getMe
DA:1,1
DA:2,1
DA:3,1
DA:8,1
DA:10,1
DA:11,1
DA:13,1
DA:14,7
DA:17,7
DA:19,5
DA:27,5
DA:29,5
DA:35,5
DA:36,5
DA:39,1
DA:41,4
DA:45,4
DA:47,3
DA:48,3
DA:50,2
DA:52,2
DA:58,2
DA:59,2
DA:63,1
DA:64,2
LF:25
LH:25
BRDA:17,0,0,2
BRDA:17,0,1,5
BRDA:42,1,0,3
BRDA:42,1,1,1
BRDA:45,2,0,1
BRDA:45,2,1,3
BRDA:48,3,0,1
BRDA:48,3,1,2
BRF:8
BRH:8
end_of_record
TN:
SF:src\services\leagues.service.ts
FN:10,getLeagueStandingsService
FN:25,(anonymous_2)
FN:36,getLeagueOverviewService
FNF:3
FNH:3
FNDA:3,getLeagueStandingsService
FNDA:2,(anonymous_2)
FNDA:2,getLeagueOverviewService
DA:1,1
DA:2,1
DA:10,1
DA:11,3
DA:13,3
DA:14,1
DA:17,2
DA:25,2
DA:36,1
DA:37,2
DA:38,2
LF:11
LH:11
BRDA:13,0,0,1
BRDA:13,0,1,2
BRF:2
BRH:2
end_of_record
TN:
SF:src\services\players.service.ts
FN:5,getTopPlayers
FN:28,(anonymous_2)
FN:55,(anonymous_3)
FN:58,searchPlayers
FN:66,(anonymous_5)
FN:72,getPlayerStats
FNF:6
FNH:6
FNDA:3,getTopPlayers
FNDA:2,(anonymous_2)
FNDA:2,(anonymous_3)
FNDA:3,searchPlayers
FNDA:2,(anonymous_5)
FNDA:2,getPlayerStats
DA:1,1
DA:2,1
DA:3,1
DA:5,1
DA:10,3
DA:12,3
DA:14,3
DA:15,1
DA:18,2
DA:28,2
DA:29,2
DA:31,2
DA:55,2
DA:58,1
DA:59,3
DA:60,3
DA:66,3
DA:72,1
DA:77,2
DA:79,2
DA:81,1
DA:89,1
LF:22
LH:22
BRDA:14,0,0,1
BRDA:14,0,1,2
BRDA:29,1,0,0
BRDA:29,1,1,2
BRDA:47,2,0,2
BRDA:47,2,1,0
BRDA:50,3,0,2
BRDA:50,3,1,0
BRDA:79,4,0,1
BRDA:79,4,1,1
BRF:10
BRH:7
end_of_record
TN:
SF:src\services\teams.service.ts
FN:4,getTeamOverview
FN:16,getTeamStats
FNF:2
FNH:2
FNDA:2,getTeamOverview
FNDA:3,getTeamStats
DA:1,1
DA:2,1
DA:4,1
DA:9,2
DA:11,2
DA:13,2
DA:16,1
DA:20,3
DA:22,3
DA:24,3
DA:25,1
DA:28,2
DA:36,2
DA:37,1
DA:40,1
LF:15
LH:15
BRDA:24,0,0,1
BRDA:24,0,1,2
BRDA:36,1,0,1
BRDA:36,1,1,1
BRF:4
BRH:4
end_of_record
TN:
SF:src\services\users.service.ts
FN:6,getMeService
FN:12,patchMeService
FN:32,getByIdAdminService
FN:38,manageFavoriteService
FN:62,(anonymous_5)
FN:70,getMyFavoritesService
FN:78,(anonymous_7)
FN:79,(anonymous_8)
FN:80,(anonymous_9)
FNF:9
FNH:6
FNDA:2,getMeService
FNDA:2,patchMeService
FNDA:2,getByIdAdminService
FNDA:4,manageFavoriteService
FNDA:2,(anonymous_5)
FNDA:2,getMyFavoritesService
FNDA:0,(anonymous_7)
FNDA:0,(anonymous_8)
FNDA:0,(anonymous_9)
DA:1,1
DA:2,1
DA:3,1
DA:4,1
DA:6,1
DA:9,2
DA:12,1
DA:18,2
DA:25,2
DA:26,1
DA:29,1
DA:32,1
DA:35,2
DA:38,1
DA:44,4
DA:50,4
DA:51,4
DA:52,1
DA:54,3
DA:55,3
DA:57,3
DA:58,2
DA:59,2
DA:62,2
DA:65,3
DA:67,3
DA:70,1
DA:71,2
DA:72,2
DA:74,1
DA:75,1
DA:76,1
DA:78,1
DA:79,1
DA:80,1
DA:82,1
LF:36
LH:36
BRDA:25,0,0,1
BRDA:25,0,1,1
BRDA:51,1,0,1
BRDA:51,1,1,3
BRDA:55,2,0,0
BRDA:55,2,1,3
BRDA:57,3,0,2
BRDA:57,3,1,1
BRDA:58,4,0,2
BRDA:58,4,1,0
BRDA:72,5,0,1
BRDA:72,5,1,1
BRF:12
BRH:10
end_of_record
